# JRE version: OpenJDK Runtime Environment (7.0_101) (build 1.7.0_101-b00)
# Java VM: OpenJDK 64-Bit Server VM (24.95-b01 mixed mode linux-amd64 compressed oops)
Heap
 PSYoungGen      total 144384K, used 23024K [0x00000000eaa80000, 0x00000000f4f80000, 0x0000000100000000)
  eden space 121344K, 0% used [0x00000000eaa80000,0x00000000eaa80000,0x00000000f2100000)
  from space 23040K, 99% used [0x00000000f2100000,0x00000000f377c080,0x00000000f3780000)
  to   space 21504K, 0% used [0x00000000f3780000,0x00000000f3780000,0x00000000f4c80000)
 ParOldGen       total 81920K, used 55174K [0x00000000c0000000, 0x00000000c5000000, 0x00000000eaa80000)
  object space 81920K, 67% used [0x00000000c0000000,0x00000000c35e1960,0x00000000c5000000)
 PSPermGen       total 21504K, used 5919K [0x00000000b5a00000, 0x00000000b6f00000, 0x00000000c0000000)
  object space 21504K, 27% used [0x00000000b5a00000,0x00000000b5fc7c88,0x00000000b6f00000)
GC Heap History (10 events):
Event: 5.016 GC heap after
Heap after GC invocations=2 (full 0):
 PSYoungGen      total 35840K, used 5112K [0x00000000eaa80000, 0x00000000ef080000, 0x0000000100000000)
  eden space 30720K, 0% used [0x00000000eaa80000,0x00000000eaa80000,0x00000000ec880000)
  from space 5120K, 99% used [0x00000000ecd80000,0x00000000ed27e1c8,0x00000000ed280000)
  to   space 5120K, 0% used [0x00000000ec880000,0x00000000ec880000,0x00000000ecd80000)
 ParOldGen       total 81920K, used 7124K [0x00000000c0000000, 0x00000000c5000000, 0x00000000eaa80000)
  object space 81920K, 8% used [0x00000000c0000000,0x00000000c06f5020,0x00000000c5000000)
 PSPermGen       total 21504K, used 5790K [0x00000000b5a00000, 0x00000000b6f00000, 0x00000000c0000000)
  object space 21504K, 26% used [0x00000000b5a00000,0x00000000b5fa7878,0x00000000b6f00000)
}
Event: 6.551 GC heap before
{Heap before GC invocations=3 (full 0):
 PSYoungGen      total 35840K, used 35832K [0x00000000eaa80000, 0x00000000ef080000, 0x0000000100000000)
  eden space 30720K, 100% used [0x00000000eaa80000,0x00000000ec880000,0x00000000ec880000)
  from space 5120K, 99% used [0x00000000ecd80000,0x00000000ed27e1c8,0x00000000ed280000)
  to   space 5120K, 0% used [0x00000000ec880000,0x00000000ec880000,0x00000000ecd80000)
 ParOldGen       total 81920K, used 7124K [0x00000000c0000000, 0x00000000c5000000, 0x00000000eaa80000)
  object space 81920K, 8% used [0x00000000c0000000,0x00000000c06f5020,0x00000000c5000000)
 PSPermGen       total 21504K, used 5831K [0x00000000b5a00000, 0x00000000b6f00000, 0x00000000c0000000)
  object space 21504K, 27% used [0x00000000b5a00000,0x00000000b5fb1d00,0x00000000b6f00000)
Event: 6.651 GC heap after
Heap after GC invocations=3 (full 0):
 PSYoungGen      total 35840K, used 5111K [0x00000000eaa80000, 0x00000000ef080000, 0x0000000100000000)
  eden space 30720K, 0% used [0x00000000eaa80000,0x00000000eaa80000,0x00000000ec880000)
  from space 5120K, 99% used [0x00000000ec880000,0x00000000ecd7dfd0,0x00000000ecd80000)
  to   space 5120K, 0% used [0x00000000eeb80000,0x00000000eeb80000,0x00000000ef080000)
 ParOldGen       total 81920K, used 16837K [0x00000000c0000000, 0x00000000c5000000, 0x00000000eaa80000)
  object space 81920K, 20% used [0x00000000c0000000,0x00000000c1071708,0x00000000c5000000)
 PSPermGen       total 21504K, used 5831K [0x00000000b5a00000, 0x00000000b6f00000, 0x00000000c0000000)
  object space 21504K, 27% used [0x00000000b5a00000,0x00000000b5fb1d00,0x00000000b6f00000)
}
Event: 8.053 GC heap before
{Heap before GC invocations=4 (full 0):
 PSYoungGen      total 35840K, used 35831K [0x00000000eaa80000, 0x00000000ef080000, 0x0000000100000000)
  eden space 30720K, 100% used [0x00000000eaa80000,0x00000000ec880000,0x00000000ec880000)
  from space 5120K, 99% used [0x00000000ec880000,0x00000000ecd7dfd0,0x00000000ecd80000)
  to   space 5120K, 0% used [0x00000000eeb80000,0x00000000eeb80000,0x00000000ef080000)
 ParOldGen       total 81920K, used 16837K [0x00000000c0000000, 0x00000000c5000000, 0x00000000eaa80000)
  object space 81920K, 20% used [0x00000000c0000000,0x00000000c1071708,0x00000000c5000000)
 PSPermGen       total 21504K, used 5848K [0x00000000b5a00000, 0x00000000b6f00000, 0x00000000c0000000)
  object space 21504K, 27% used [0x00000000b5a00000,0x00000000b5fb63e0,0x00000000b6f00000)
Event: 8.139 GC heap after
Heap after GC invocations=4 (full 0):
 PSYoungGen      total 66560K, used 5109K [0x00000000eaa80000, 0x00000000ef080000, 0x0000000100000000)
  eden space 61440K, 0% used [0x00000000eaa80000,0x00000000eaa80000,0x00000000ee680000)
  from space 5120K, 99% used [0x00000000eeb80000,0x00000000ef07d4d8,0x00000000ef080000)
  to   space 5120K, 0% used [0x00000000ee680000,0x00000000ee680000,0x00000000eeb80000)
 ParOldGen       total 81920K, used 24508K [0x00000000c0000000, 0x00000000c5000000, 0x00000000eaa80000)
  object space 81920K, 29% used [0x00000000c0000000,0x00000000c17ef1a0,0x00000000c5000000)
 PSPermGen       total 21504K, used 5848K [0x00000000b5a00000, 0x00000000b6f00000, 0x00000000c0000000)
  object space 21504K, 27% used [0x00000000b5a00000,0x00000000b5fb63e0,0x00000000b6f00000)
}
Event: 13.012 GC heap before
{Heap before GC invocations=5 (full 0):
 PSYoungGen      total 66560K, used 66549K [0x00000000eaa80000, 0x00000000ef080000, 0x0000000100000000)
  eden space 61440K, 100% used [0x00000000eaa80000,0x00000000ee680000,0x00000000ee680000)
  from space 5120K, 99% used [0x00000000eeb80000,0x00000000ef07d4d8,0x00000000ef080000)
  to   space 5120K, 0% used [0x00000000ee680000,0x00000000ee680000,0x00000000eeb80000)
 ParOldGen       total 81920K, used 24508K [0x00000000c0000000, 0x00000000c5000000, 0x00000000eaa80000)
  object space 81920K, 29% used [0x00000000c0000000,0x00000000c17ef1a0,0x00000000c5000000)
 PSPermGen       total 21504K, used 5881K [0x00000000b5a00000, 0x00000000b6f00000, 0x00000000c0000000)
  object space 21504K, 27% used [0x00000000b5a00000,0x00000000b5fbe4c8,0x00000000b6f00000)
Event: 13.151 GC heap after
Heap after GC invocations=5 (full 0):
 PSYoungGen      total 66560K, used 5105K [0x00000000eaa80000, 0x00000000f4c80000, 0x0000000100000000)
  eden space 61440K, 0% used [0x00000000eaa80000,0x00000000eaa80000,0x00000000ee680000)
  from space 5120K, 99% used [0x00000000ee680000,0x00000000eeb7c638,0x00000000eeb80000)
  to   space 21504K, 0% used [0x00000000f3780000,0x00000000f3780000,0x00000000f4c80000)
 ParOldGen       total 81920K, used 37984K [0x00000000c0000000, 0x00000000c5000000, 0x00000000eaa80000)
  object space 81920K, 46% used [0x00000000c0000000,0x00000000c2518330,0x00000000c5000000)
 PSPermGen       total 21504K, used 5881K [0x00000000b5a00000, 0x00000000b6f00000, 0x00000000c0000000)
  object space 21504K, 27% used [0x00000000b5a00000,0x00000000b5fbe4c8,0x00000000b6f00000)
}
Event: 16.745 GC heap before
{Heap before GC invocations=6 (full 0):
 PSYoungGen      total 66560K, used 66545K [0x00000000eaa80000, 0x00000000f4c80000, 0x0000000100000000)
  eden space 61440K, 100% used [0x00000000eaa80000,0x00000000ee680000,0x00000000ee680000)
  from space 5120K, 99% used [0x00000000ee680000,0x00000000eeb7c638,0x00000000eeb80000)
  to   space 21504K, 0% used [0x00000000f3780000,0x00000000f3780000,0x00000000f4c80000)
 ParOldGen       total 81920K, used 37984K [0x00000000c0000000, 0x00000000c5000000, 0x00000000eaa80000)
  object space 81920K, 46% used [0x00000000c0000000,0x00000000c2518330,0x00000000c5000000)
 PSPermGen       total 21504K, used 5905K [0x00000000b5a00000, 0x00000000b6f00000, 0x00000000c0000000)
  object space 21504K, 27% used [0x00000000b5a00000,0x00000000b5fc4440,0x00000000b6f00000)
Event: 16.943 GC heap after
Heap after GC invocations=6 (full 0):
 PSYoungGen      total 142848K, used 17776K [0x00000000eaa80000, 0x00000000f4f80000, 0x0000000100000000)
  eden space 121344K, 0% used [0x00000000eaa80000,0x00000000eaa80000,0x00000000f2100000)
  from space 21504K, 82% used [0x00000000f3780000,0x00000000f48dc2c8,0x00000000f4c80000)
  to   space 23040K, 0% used [0x00000000f2100000,0x00000000f2100000,0x00000000f3780000)
 ParOldGen       total 81920K, used 37984K [0x00000000c0000000, 0x00000000c5000000, 0x00000000eaa80000)
  object space 81920K, 46% used [0x00000000c0000000,0x00000000c2518330,0x00000000c5000000)
 PSPermGen       total 21504K, used 5905K [0x00000000b5a00000, 0x00000000b6f00000, 0x00000000c0000000)
  object space 21504K, 27% used [0x00000000b5a00000,0x00000000b5fc4440,0x00000000b6f00000)
}
Event: 21.231 GC heap before
{Heap before GC invocations=7 (full 0):
 PSYoungGen      total 142848K, used 139120K [0x00000000eaa80000, 0x00000000f4f80000, 0x0000000100000000)
  eden space 121344K, 100% used [0x00000000eaa80000,0x00000000f2100000,0x00000000f2100000)
  from space 21504K, 82% used [0x00000000f3780000,0x00000000f48dc2c8,0x00000000f4c80000)
  to   space 23040K, 0% used [0x00000000f2100000,0x00000000f2100000,0x00000000f3780000)
 ParOldGen       total 81920K, used 37984K [0x00000000c0000000, 0x00000000c5000000, 0x00000000eaa80000)
  object space 81920K, 46% used [0x00000000c0000000,0x00000000c2518330,0x00000000c5000000)
 PSPermGen       total 21504K, used 5919K [0x00000000b5a00000, 0x00000000b6f00000, 0x00000000c0000000)
  object space 21504K, 27% used [0x00000000b5a00000,0x00000000b5fc7c88,0x00000000b6f00000)

